<?xml version="1.0" encoding="UTF-8"?>
<!-- Generated by org.testng.reporters.JUnitXMLReporter -->
<testsuite ignored="25" hostname="Manuel-Rodriguez-MacBook-Pro.local" failures="0" tests="6" name="Login Tests" time="45.396" errors="0" timestamp="2021-02-19T16:40:33 CST">
  <testcase classname="loginTests.LoginTest" name="logout" time="1.48"/>
  <testcase classname="loginTests.LoginTest" name="validLogin" time="0.866"/>
  <testcase classname="loginTests.LoginTest" name="verifyEmptyPasswordErrorMessage" time="0.311"/>
  <testcase classname="loginTests.LoginTest" name="verifyEmptyUserNameErrorMessage" time="0.313"/>
  <testcase classname="loginTests.LoginTest" name="verifyInvalidLoginErrorMessage" time="0.32"/>
  <testcase classname="loginTests.LoginTest" name="verifyLoginUI" time="0.118"/>
  <testcase classname="productTests.ProductTest" name="verifyProductAddToCart" time="0.0">
    <ignored/>
  </testcase> <!-- verifyProductAddToCart -->
  <testcase classname="shoppingCartTests.CheckoutInformationTest" name="verifyErrorMessages" time="0.0">
    <ignored/>
  </testcase> <!-- verifyErrorMessages -->
  <testcase classname="shoppingCartTests.ShoppingCartTest" name="verifyProductRemoveFromCart" time="0.0">
    <ignored/>
  </testcase> <!-- verifyProductRemoveFromCart -->
  <testcase classname="productTests.ProductTest" name="verifyProductRemoveFromCart" time="0.0">
    <ignored/>
  </testcase> <!-- verifyProductRemoveFromCart -->
  <testcase classname="shoppingCartTests.ShoppingCartTest" name="verifyEmptyShoppingCart" time="0.0">
    <ignored/>
  </testcase> <!-- verifyEmptyShoppingCart -->
  <testcase classname="shoppingCartTests.ShoppingCartTest" name="verifyRemoveAllFromCart" time="0.0">
    <ignored/>
  </testcase> <!-- verifyRemoveAllFromCart -->
  <testcase classname="shoppingCartTests.CheckoutInformationTest" name="verifyClickCancelButton" time="0.0">
    <ignored/>
  </testcase> <!-- verifyClickCancelButton -->
  <testcase classname="shoppingCartTests.CheckoutOverviewTest" name="verifyCartTotal" time="0.0">
    <ignored/>
  </testcase> <!-- verifyCartTotal -->
  <testcase classname="shoppingCartTests.CheckoutInformationTest" name="verifyUIElements" time="0.0">
    <ignored/>
  </testcase> <!-- verifyUIElements -->
  <testcase classname="inventoryTests.InventoryTest" name="verifyInventoryUI" time="0.0">
    <ignored/>
  </testcase> <!-- verifyInventoryUI -->
  <testcase classname="shoppingCartTests.CheckoutOverviewTest" name="verifyCartSubtotal" time="0.0">
    <ignored/>
  </testcase> <!-- verifyCartSubtotal -->
  <testcase classname="inventoryTests.InventoryTest" name="verifySortChange" time="0.0">
    <ignored/>
  </testcase> <!-- verifySortChange -->
  <testcase classname="inventoryTests.InventoryTest" name="verifyRemoveAllFromCart" time="0.0">
    <ignored/>
  </testcase> <!-- verifyRemoveAllFromCart -->
  <testcase classname="shoppingCartTests.CheckoutOverviewTest" name="verifyCancelButton" time="0.0">
    <ignored/>
  </testcase> <!-- verifyCancelButton -->
  <testcase classname="inventoryTests.InventoryTest" name="verifyAddAllToCart" time="0.0">
    <ignored/>
  </testcase> <!-- verifyAddAllToCart -->
  <testcase classname="productTests.ProductTest" name="verifyProductUI" time="0.0">
    <ignored/>
  </testcase> <!-- verifyProductUI -->
  <testcase classname="shoppingCartTests.CheckoutOverviewTest" name="verifyCartTotalChanges" time="0.0">
    <ignored/>
  </testcase> <!-- verifyCartTotalChanges -->
  <testcase classname="shoppingCartTests.CheckoutOverviewTest" name="verifyFinishButton" time="0.0">
    <ignored/>
  </testcase> <!-- verifyFinishButton -->
  <testcase classname="productTests.ProductTest" name="verifyProductGoBackButton" time="0.0">
    <ignored/>
  </testcase> <!-- verifyProductGoBackButton -->
  <testcase classname="shoppingCartTests.CheckoutInformationTest" name="verifyClickContinueButton" time="0.0">
    <ignored/>
  </testcase> <!-- verifyClickContinueButton -->
  <testcase classname="inventoryTests.InventoryTest" name="verifyAddIndividuallyToCart" time="0.0">
    <ignored/>
  </testcase> <!-- verifyAddIndividuallyToCart -->
  <testcase classname="shoppingCartTests.ShoppingCartTest" name="verifyProductUI" time="0.0">
    <ignored/>
  </testcase> <!-- verifyProductUI -->
  <testcase classname="inventoryTests.InventoryTest" name="verifyRemoveIndividuallyFromCart" time="0.0">
    <ignored/>
  </testcase> <!-- verifyRemoveIndividuallyFromCart -->
  <testcase classname="shoppingCartTests.ShoppingCartTest" name="verifyContinueShoppingButton" time="0.0">
    <ignored/>
  </testcase> <!-- verifyContinueShoppingButton -->
  <testcase classname="shoppingCartTests.CheckoutOverviewTest" name="verifyUIElements" time="0.0">
    <ignored/>
  </testcase> <!-- verifyUIElements -->
</testsuite> <!-- Login Tests -->
