<?xml version="1.0" encoding="UTF-8"?>
<testng-results ignored="25" total="31" passed="6" failed="0" skipped="0">
  <reporter-output>
  </reporter-output>
  <suite started-at="2021-02-19T16:39:48 CST" name="MainSuite" finished-at="2021-02-19T16:40:33 CST" duration-ms="45396">
    <groups>
      <group name="UI">
        <method signature="LoginTest.verifyEmptyPasswordErrorMessage(java.lang.String)[pri:0, instance:loginTests.LoginTest@2b546384]" name="verifyEmptyPasswordErrorMessage" class="loginTests.LoginTest"/>
        <method signature="LoginTest.verifyEmptyUserNameErrorMessage(java.lang.String)[pri:0, instance:loginTests.LoginTest@2b546384]" name="verifyEmptyUserNameErrorMessage" class="loginTests.LoginTest"/>
        <method signature="LoginTest.verifyInvalidLoginErrorMessage(java.lang.String, java.lang.String)[pri:0, instance:loginTests.LoginTest@2b546384]" name="verifyInvalidLoginErrorMessage" class="loginTests.LoginTest"/>
        <method signature="LoginTest.verifyLoginUI()[pri:0, instance:loginTests.LoginTest@2b546384]" name="verifyLoginUI" class="loginTests.LoginTest"/>
      </group> <!-- UI -->
      <group name="login">
        <method signature="LoginTest.logout(java.lang.String, java.lang.String)[pri:0, instance:loginTests.LoginTest@2b546384]" name="logout" class="loginTests.LoginTest"/>
        <method signature="LoginTest.validLogin(java.lang.String, java.lang.String)[pri:0, instance:loginTests.LoginTest@2b546384]" name="validLogin" class="loginTests.LoginTest"/>
      </group> <!-- login -->
    </groups>
    <test started-at="2021-02-19T16:39:48 CST" name="Login Tests" finished-at="2021-02-19T16:40:33 CST" duration-ms="45396">
      <class name="loginTests.LoginTest">
        <test-method is-config="true" signature="setUp(java.lang.String, java.lang.String)[pri:0, instance:loginTests.LoginTest@2b546384]" started-at="2021-02-19T16:39:48 CST" name="setUp" finished-at="2021-02-19T16:39:56 CST" duration-ms="7893" status="PASS">
          <params>
            <param index="0">
              <value>
                <![CDATA[Chrome]]>
              </value>
            </param>
            <param index="1">
              <value>
                <![CDATA[false]]>
              </value>
            </param>
          </params>
          <reporter-output>
          </reporter-output>
        </test-method> <!-- setUp -->
        <test-method signature="logout(java.lang.String, java.lang.String)[pri:0, instance:loginTests.LoginTest@2b546384]" started-at="2021-02-19T16:39:56 CST" name="logout" description="Perform a logout action" finished-at="2021-02-19T16:39:57 CST" duration-ms="1480" status="PASS">
          <params>
            <param index="0">
              <value>
                <![CDATA[standard_user]]>
              </value>
            </param>
            <param index="1">
              <value>
                <![CDATA[secret_sauce]]>
              </value>
            </param>
          </params>
          <reporter-output>
          </reporter-output>
        </test-method> <!-- logout -->
        <test-method is-config="true" signature="quitBrowser()[pri:0, instance:loginTests.LoginTest@2b546384]" started-at="2021-02-19T16:39:57 CST" name="quitBrowser" finished-at="2021-02-19T16:39:57 CST" duration-ms="90" status="PASS">
          <reporter-output>
          </reporter-output>
        </test-method> <!-- quitBrowser -->
        <test-method is-config="true" signature="setUp(java.lang.String, java.lang.String)[pri:0, instance:loginTests.LoginTest@2b546384]" started-at="2021-02-19T16:39:57 CST" name="setUp" finished-at="2021-02-19T16:40:04 CST" duration-ms="6716" status="PASS">
          <params>
            <param index="0">
              <value>
                <![CDATA[Chrome]]>
              </value>
            </param>
            <param index="1">
              <value>
                <![CDATA[false]]>
              </value>
            </param>
          </params>
          <reporter-output>
          </reporter-output>
        </test-method> <!-- setUp -->
        <test-method signature="validLogin(java.lang.String, java.lang.String)[pri:0, instance:loginTests.LoginTest@2b546384]" started-at="2021-02-19T16:40:04 CST" name="validLogin" description="Perform a valid login action" finished-at="2021-02-19T16:40:05 CST" duration-ms="866" status="PASS">
          <params>
            <param index="0">
              <value>
                <![CDATA[standard_user]]>
              </value>
            </param>
            <param index="1">
              <value>
                <![CDATA[secret_sauce]]>
              </value>
            </param>
          </params>
          <reporter-output>
          </reporter-output>
        </test-method> <!-- validLogin -->
        <test-method is-config="true" signature="quitBrowser()[pri:0, instance:loginTests.LoginTest@2b546384]" started-at="2021-02-19T16:40:05 CST" name="quitBrowser" finished-at="2021-02-19T16:40:05 CST" duration-ms="86" status="PASS">
          <reporter-output>
          </reporter-output>
        </test-method> <!-- quitBrowser -->
        <test-method is-config="true" signature="setUp(java.lang.String, java.lang.String)[pri:0, instance:loginTests.LoginTest@2b546384]" started-at="2021-02-19T16:40:05 CST" name="setUp" finished-at="2021-02-19T16:40:11 CST" duration-ms="6630" status="PASS">
          <params>
            <param index="0">
              <value>
                <![CDATA[Chrome]]>
              </value>
            </param>
            <param index="1">
              <value>
                <![CDATA[false]]>
              </value>
            </param>
          </params>
          <reporter-output>
          </reporter-output>
        </test-method> <!-- setUp -->
        <test-method signature="verifyEmptyPasswordErrorMessage(java.lang.String)[pri:0, instance:loginTests.LoginTest@2b546384]" started-at="2021-02-19T16:40:11 CST" name="verifyEmptyPasswordErrorMessage" description="Verify the error message for empty password" finished-at="2021-02-19T16:40:12 CST" duration-ms="311" status="PASS">
          <params>
            <param index="0">
              <value>
                <![CDATA[test]]>
              </value>
            </param>
          </params>
          <reporter-output>
          </reporter-output>
        </test-method> <!-- verifyEmptyPasswordErrorMessage -->
        <test-method is-config="true" signature="quitBrowser()[pri:0, instance:loginTests.LoginTest@2b546384]" started-at="2021-02-19T16:40:12 CST" name="quitBrowser" finished-at="2021-02-19T16:40:12 CST" duration-ms="83" status="PASS">
          <reporter-output>
          </reporter-output>
        </test-method> <!-- quitBrowser -->
        <test-method is-config="true" signature="setUp(java.lang.String, java.lang.String)[pri:0, instance:loginTests.LoginTest@2b546384]" started-at="2021-02-19T16:40:12 CST" name="setUp" finished-at="2021-02-19T16:40:19 CST" duration-ms="6777" status="PASS">
          <params>
            <param index="0">
              <value>
                <![CDATA[Chrome]]>
              </value>
            </param>
            <param index="1">
              <value>
                <![CDATA[false]]>
              </value>
            </param>
          </params>
          <reporter-output>
          </reporter-output>
        </test-method> <!-- setUp -->
        <test-method signature="verifyEmptyUserNameErrorMessage(java.lang.String)[pri:0, instance:loginTests.LoginTest@2b546384]" started-at="2021-02-19T16:40:19 CST" name="verifyEmptyUserNameErrorMessage" description="Verify the error message for empty username" finished-at="2021-02-19T16:40:19 CST" duration-ms="313" status="PASS">
          <params>
            <param index="0">
              <value>
                <![CDATA[test]]>
              </value>
            </param>
          </params>
          <reporter-output>
          </reporter-output>
        </test-method> <!-- verifyEmptyUserNameErrorMessage -->
        <test-method is-config="true" signature="quitBrowser()[pri:0, instance:loginTests.LoginTest@2b546384]" started-at="2021-02-19T16:40:19 CST" name="quitBrowser" finished-at="2021-02-19T16:40:19 CST" duration-ms="80" status="PASS">
          <reporter-output>
          </reporter-output>
        </test-method> <!-- quitBrowser -->
        <test-method is-config="true" signature="setUp(java.lang.String, java.lang.String)[pri:0, instance:loginTests.LoginTest@2b546384]" started-at="2021-02-19T16:40:19 CST" name="setUp" finished-at="2021-02-19T16:40:26 CST" duration-ms="6770" status="PASS">
          <params>
            <param index="0">
              <value>
                <![CDATA[Chrome]]>
              </value>
            </param>
            <param index="1">
              <value>
                <![CDATA[false]]>
              </value>
            </param>
          </params>
          <reporter-output>
          </reporter-output>
        </test-method> <!-- setUp -->
        <test-method signature="verifyInvalidLoginErrorMessage(java.lang.String, java.lang.String)[pri:0, instance:loginTests.LoginTest@2b546384]" started-at="2021-02-19T16:40:26 CST" name="verifyInvalidLoginErrorMessage" description="Verify the error message for wrong credentials" finished-at="2021-02-19T16:40:26 CST" duration-ms="320" status="PASS">
          <params>
            <param index="0">
              <value>
                <![CDATA[test]]>
              </value>
            </param>
            <param index="1">
              <value>
                <![CDATA[test]]>
              </value>
            </param>
          </params>
          <reporter-output>
          </reporter-output>
        </test-method> <!-- verifyInvalidLoginErrorMessage -->
        <test-method is-config="true" signature="quitBrowser()[pri:0, instance:loginTests.LoginTest@2b546384]" started-at="2021-02-19T16:40:26 CST" name="quitBrowser" finished-at="2021-02-19T16:40:26 CST" duration-ms="86" status="PASS">
          <reporter-output>
          </reporter-output>
        </test-method> <!-- quitBrowser -->
        <test-method is-config="true" signature="setUp(java.lang.String, java.lang.String)[pri:0, instance:loginTests.LoginTest@2b546384]" started-at="2021-02-19T16:40:26 CST" name="setUp" finished-at="2021-02-19T16:40:33 CST" duration-ms="6654" status="PASS">
          <params>
            <param index="0">
              <value>
                <![CDATA[Chrome]]>
              </value>
            </param>
            <param index="1">
              <value>
                <![CDATA[false]]>
              </value>
            </param>
          </params>
          <reporter-output>
          </reporter-output>
        </test-method> <!-- setUp -->
        <test-method signature="verifyLoginUI()[pri:0, instance:loginTests.LoginTest@2b546384]" started-at="2021-02-19T16:40:33 CST" name="verifyLoginUI" description="Verify items on login page" finished-at="2021-02-19T16:40:33 CST" duration-ms="118" status="PASS">
          <reporter-output>
          </reporter-output>
        </test-method> <!-- verifyLoginUI -->
        <test-method is-config="true" signature="quitBrowser()[pri:0, instance:loginTests.LoginTest@2b546384]" started-at="2021-02-19T16:40:33 CST" name="quitBrowser" finished-at="2021-02-19T16:40:33 CST" duration-ms="87" status="PASS">
          <reporter-output>
          </reporter-output>
        </test-method> <!-- quitBrowser -->
      </class> <!-- loginTests.LoginTest -->
    </test> <!-- Login Tests -->
  </suite> <!-- MainSuite -->
</testng-results>
