<?xml version="1.0" encoding="UTF-8"?>
<testng-results ignored="0" total="1" passed="1" failed="0" skipped="0">
  <reporter-output>
  </reporter-output>
  <suite started-at="2020-05-29T18:43:25 CST" name="MainSuite" finished-at="2020-05-29T18:43:26 CST" duration-ms="1265">
    <groups>
      <group name="login">
        <method signature="LoginTest.validLogin(java.lang.String, java.lang.String)[pri:0, instance:loginTests.LoginTest@64d2d351]" name="validLogin" class="loginTests.LoginTest"/>
      </group> <!-- login -->
    </groups>
    <test started-at="2020-05-29T18:43:25 CST" name="Login Tests" finished-at="2020-05-29T18:43:26 CST" duration-ms="1265">
      <class name="loginTests.LoginTest">
        <test-method is-config="true" signature="setUp(java.lang.String, java.lang.String)[pri:0, instance:loginTests.LoginTest@64d2d351]" started-at="2020-05-29T18:43:25 CST" name="setUp" finished-at="2020-05-29T18:43:26 CST" duration-ms="1170" status="PASS">
          <params>
            <param index="0">
              <value>
                <![CDATA[Chrome]]>
              </value>
            </param>
            <param index="1">
              <value>
                <![CDATA[true]]>
              </value>
            </param>
          </params>
          <reporter-output>
          </reporter-output>
        </test-method> <!-- setUp -->
        <test-method signature="validLogin(java.lang.String, java.lang.String)[pri:0, instance:loginTests.LoginTest@64d2d351]" started-at="2020-05-29T18:43:26 CST" name="validLogin" description="Perform a valid login action" finished-at="2020-05-29T18:43:26 CST" duration-ms="1" status="PASS">
          <params>
            <param index="0">
              <value>
                <![CDATA[test]]>
              </value>
            </param>
            <param index="1">
              <value>
                <![CDATA[test]]>
              </value>
            </param>
          </params>
          <reporter-output>
          </reporter-output>
        </test-method> <!-- validLogin -->
        <test-method is-config="true" signature="quitBrowser()[pri:0, instance:loginTests.LoginTest@64d2d351]" started-at="2020-05-29T18:43:26 CST" name="quitBrowser" finished-at="2020-05-29T18:43:26 CST" duration-ms="72" status="PASS">
          <reporter-output>
          </reporter-output>
        </test-method> <!-- quitBrowser -->
      </class> <!-- loginTests.LoginTest -->
    </test> <!-- Login Tests -->
  </suite> <!-- MainSuite -->
</testng-results>
